<?xml version="1.0" encoding="UTF-8"?>
<testng-results skipped="0" failed="0" ignored="0" total="1" passed="1">
  <reporter-output>
  </reporter-output>
  <suite name="Default suite" duration-ms="33" started-at="2019-12-12T18:52:23 PKT" finished-at="2019-12-12T18:52:23 PKT">
    <groups>
    </groups>
    <test name="Default test" duration-ms="33" started-at="2019-12-12T18:52:23 PKT" finished-at="2019-12-12T18:52:23 PKT">
      <class name="automation.NewTest">
        <test-method status="PASS" signature="f()[pri:0, instance:automation.NewTest@2038ae61]" name="f" duration-ms="6" started-at="2019-12-12T18:52:23 PKT" finished-at="2019-12-12T18:52:23 PKT">
          <reporter-output>
          </reporter-output>
        </test-method> <!-- f -->
      </class> <!-- automation.NewTest -->
    </test> <!-- Default test -->
  </suite> <!-- Default suite -->
</testng-results>
